<?xml version="1.0" encoding="UTF-8"?>
<!-- Generated by org.testng.reporters.JUnitReportReporter -->
<testsuite hostname="Dell-PC" name="webdrivertest.NewTest" tests="1" failures="0" timestamp="15 Jun 2017 13:18:58 GMT" time="5.593" errors="0">
  <testcase name="testeasy" time="5.593" classname="webdrivertest.NewTest"/>
</testsuite> <!-- webdrivertest.NewTest -->
