<?xml version="1.0" encoding="UTF-8"?>
<!-- Generated by org.testng.reporters.JUnitReportReporter -->
<testsuite hostname="Dell-PC" name="webdrivertest.NewTest" tests="1" failures="0" timestamp="15 Jun 2017 13:04:12 GMT" time="6.067" errors="0">
  <testcase name="testeasy" time="6.067" classname="webdrivertest.NewTest"/>
</testsuite> <!-- webdrivertest.NewTest -->
