<?xml version="1.0" encoding="UTF-8"?>
<!-- Generated by org.testng.reporters.JUnitReportReporter -->
<testsuite hostname="Dell-PC" name="webdrivertest.NewTest" tests="1" failures="0" timestamp="25 Apr 2017 13:06:51 GMT" time="4.868" errors="0">
  <testcase name="testeasy" time="4.868" classname="webdrivertest.NewTest"/>
</testsuite> <!-- webdrivertest.NewTest -->
